

Started GET "/assets/rails.png" for 127.0.0.1 at 2012-05-29 17:57:44 +0700
Served asset /rails.png - 304 Not Modified (16ms)


Started GET "/static_pages/home" for 127.0.0.1 at 2012-05-29 17:57:48 +0700
Processing by StaticPagesController#home as HTML
  Rendered static_pages/home.html.erb within layouts/application (1.5ms)
Completed 500 Internal Server Error in 43ms

ActionView::Template::Error (undefined local variable or method `page' for #<#<Class:0x007f6e28bcd7a0>:0x007f6e28c21a58>):
    1: <!DOCTYPE html>
    2: <html>
    3: <head>
    4:   <title><%= full_title(yield(:title)) %></title>
    5:   <%= stylesheet_link_tag    "application", :media => "all" %>
    6:   <%= javascript_include_tag "application" %>
    7:   <%= csrf_meta_tags %>
  app/helpers/application_helper.rb:4:in `full_title'
  app/views/layouts/application.html.erb:4:in `_app_views_layouts_application_html_erb___1383339122887503396_70055548202080'


  Rendered /home/maidv/.rvm/gems/ruby-1.9.3-p194/gems/actionpack-3.2.3/lib/action_dispatch/middleware/templates/rescues/_trace.erb (8.6ms)
  Rendered /home/maidv/.rvm/gems/ruby-1.9.3-p194/gems/actionpack-3.2.3/lib/action_dispatch/middleware/templates/rescues/_request_and_response.erb (1.8ms)
  Rendered /home/maidv/.rvm/gems/ruby-1.9.3-p194/gems/actionpack-3.2.3/lib/action_dispatch/middleware/templates/rescues/template_error.erb within rescues/layout (121.4ms)


Started GET "/static_pages/home" for 127.0.0.1 at 2012-05-29 17:58:16 +0700
Processing by StaticPagesController#home as HTML
  Rendered static_pages/home.html.erb within layouts/application (0.1ms)
Completed 500 Internal Server Error in 5ms

ActionView::Template::Error (undefined local variable or method `page' for #<#<Class:0x007f6e28bcd7a0>:0x007f6e28b99a68>):
    1: <!DOCTYPE html>
    2: <html>
    3: <head>
    4:   <title><%= full_title(yield(:title)) %></title>
    5:   <%= stylesheet_link_tag    "application", :media => "all" %>
    6:   <%= javascript_include_tag "application" %>
    7:   <%= csrf_meta_tags %>
  app/helpers/application_helper.rb:4:in `full_title'
  app/views/layouts/application.html.erb:4:in `_app_views_layouts_application_html_erb___1383339122887503396_70055548202080'


  Rendered /home/maidv/.rvm/gems/ruby-1.9.3-p194/gems/actionpack-3.2.3/lib/action_dispatch/middleware/templates/rescues/_trace.erb (2.3ms)
  Rendered /home/maidv/.rvm/gems/ruby-1.9.3-p194/gems/actionpack-3.2.3/lib/action_dispatch/middleware/templates/rescues/_request_and_response.erb (0.7ms)
  Rendered /home/maidv/.rvm/gems/ruby-1.9.3-p194/gems/actionpack-3.2.3/lib/action_dispatch/middleware/templates/rescues/template_error.erb within rescues/layout (7.2ms)


Started GET "/static_pages/home" for 127.0.0.1 at 2012-05-29 17:58:17 +0700
Processing by StaticPagesController#home as HTML
  Rendered static_pages/home.html.erb within layouts/application (0.1ms)
Completed 500 Internal Server Error in 5ms

ActionView::Template::Error (undefined local variable or method `page' for #<#<Class:0x007f6e28bcd7a0>:0x007f6e28ab32c0>):
    1: <!DOCTYPE html>
    2: <html>
    3: <head>
    4:   <title><%= full_title(yield(:title)) %></title>
    5:   <%= stylesheet_link_tag    "application", :media => "all" %>
    6:   <%= javascript_include_tag "application" %>
    7:   <%= csrf_meta_tags %>
  app/helpers/application_helper.rb:4:in `full_title'
  app/views/layouts/application.html.erb:4:in `_app_views_layouts_application_html_erb___1383339122887503396_70055548202080'


  Rendered /home/maidv/.rvm/gems/ruby-1.9.3-p194/gems/actionpack-3.2.3/lib/action_dispatch/middleware/templates/rescues/_trace.erb (2.3ms)
  Rendered /home/maidv/.rvm/gems/ruby-1.9.3-p194/gems/actionpack-3.2.3/lib/action_dispatch/middleware/templates/rescues/_request_and_response.erb (0.7ms)
  Rendered /home/maidv/.rvm/gems/ruby-1.9.3-p194/gems/actionpack-3.2.3/lib/action_dispatch/middleware/templates/rescues/template_error.erb within rescues/layout (7.2ms)


Started GET "/static_pages/home" for 127.0.0.1 at 2012-05-29 17:58:28 +0700
Processing by StaticPagesController#home as HTML
  Rendered static_pages/home.html.erb within layouts/application (0.1ms)
Compiled static_pages.css  (45ms)  (pid 14049)
Compiled application.css  (50ms)  (pid 14049)
Compiled jquery.js  (19ms)  (pid 14049)
Compiled jquery_ujs.js  (0ms)  (pid 14049)
Compiled static_pages.js  (397ms)  (pid 14049)
Compiled application.js  (457ms)  (pid 14049)
Completed 200 OK in 548ms (Views: 547.8ms | ActiveRecord: 0.0ms)


Started GET "/assets/application.css?body=1" for 127.0.0.1 at 2012-05-29 17:58:29 +0700
Served asset /application.css - 304 Not Modified (274ms)


Started GET "/assets/static_pages.css?body=1" for 127.0.0.1 at 2012-05-29 17:58:29 +0700
Served asset /static_pages.css - 304 Not Modified (1ms)


Started GET "/assets/jquery_ujs.js?body=1" for 127.0.0.1 at 2012-05-29 17:58:29 +0700
Served asset /jquery_ujs.js - 304 Not Modified (2ms)


Started GET "/assets/static_pages.js?body=1" for 127.0.0.1 at 2012-05-29 17:58:29 +0700
Served asset /static_pages.js - 304 Not Modified (1ms)


Started GET "/assets/application.js?body=1" for 127.0.0.1 at 2012-05-29 17:58:29 +0700
Served asset /application.js - 304 Not Modified (3ms)


Started GET "/assets/jquery.js?body=1" for 127.0.0.1 at 2012-05-29 17:58:29 +0700
Served asset /jquery.js - 304 Not Modified (2ms)
